# JRE version: OpenJDK Runtime Environment (8.0_152-b01) (build 1.8.0_152-release-915-b01)
# Java VM: OpenJDK 64-Bit Server VM (25.152-b01 mixed mode windows-amd64 compressed oops)
Heap:
 PSYoungGen      total 466944K, used 426720K [0x00000000e0000000, 0x00000000ff580000, 0x0000000100000000)
  eden space 431616K, 95% used [0x00000000e0000000,0x00000000f90e4788,0x00000000fa580000)
  from space 35328K, 45% used [0x00000000fd300000,0x00000000fe2d38d8,0x00000000ff580000)
  to   space 40960K, 0% used [0x00000000fa580000,0x00000000fa580000,0x00000000fcd80000)
 ParOldGen       total 250368K, used 172850K [0x00000000a0000000, 0x00000000af480000, 0x00000000e0000000)
  object space 250368K, 69% used [0x00000000a0000000,0x00000000aa8cc9c8,0x00000000af480000)
 Metaspace       used 120024K, capacity 133982K, committed 134016K, reserved 1165312K
  class space    used 15056K, capacity 18289K, committed 18304K, reserved 1048576K
GC Heap History (10 events):
Event: 14375.450 GC heap before
{Heap before GC invocations=68 (full 4):
 PSYoungGen      total 337408K, used 313101K [0x00000000e0000000, 0x00000000f9580000, 0x0000000100000000)
  eden space 290816K, 99% used [0x00000000e0000000,0x00000000f1becd90,0x00000000f1c00000)
  from space 46592K, 47% used [0x00000000f1c00000,0x00000000f31d6740,0x00000000f4980000)
  to   space 44544K, 0% used [0x00000000f6a00000,0x00000000f6a00000,0x00000000f9580000)
 ParOldGen       total 250368K, used 165278K [0x00000000a0000000, 0x00000000af480000, 0x00000000e0000000)
  object space 250368K, 66% used [0x00000000a0000000,0x00000000aa1679b0,0x00000000af480000)
 Metaspace       used 119700K, capacity 133478K, committed 133760K, reserved 1165312K
  class space    used 15023K, capacity 18194K, committed 18304K, reserved 1048576K
Event: 14375.468 GC heap after
Heap after GC invocations=68 (full 4):
 PSYoungGen      total 372224K, used 16688K [0x00000000e0000000, 0x00000000fa100000, 0x0000000100000000)
  eden space 327680K, 0% used [0x00000000e0000000,0x00000000e0000000,0x00000000f4000000)
  from space 44544K, 37% used [0x00000000f6a00000,0x00000000f7a4c0e8,0x00000000f9580000)
  to   space 43008K, 0% used [0x00000000f4000000,0x00000000f4000000,0x00000000f6a00000)
 ParOldGen       total 250368K, used 165875K [0x00000000a0000000, 0x00000000af480000, 0x00000000e0000000)
  object space 250368K, 66% used [0x00000000a0000000,0x00000000aa1fcf40,0x00000000af480000)
 Metaspace       used 119700K, capacity 133478K, committed 133760K, reserved 1165312K
  class space    used 15023K, capacity 18194K, committed 18304K, reserved 1048576K
}
Event: 14444.047 GC heap before
{Heap before GC invocations=69 (full 4):
 PSYoungGen      total 372224K, used 344368K [0x00000000e0000000, 0x00000000fa100000, 0x0000000100000000)
  eden space 327680K, 100% used [0x00000000e0000000,0x00000000f4000000,0x00000000f4000000)
  from space 44544K, 37% used [0x00000000f6a00000,0x00000000f7a4c0e8,0x00000000f9580000)
  to   space 43008K, 0% used [0x00000000f4000000,0x00000000f4000000,0x00000000f6a00000)
 ParOldGen       total 250368K, used 165875K [0x00000000a0000000, 0x00000000af480000, 0x00000000e0000000)
  object space 250368K, 66% used [0x00000000a0000000,0x00000000aa1fcf40,0x00000000af480000)
 Metaspace       used 119777K, capacity 133662K, committed 133760K, reserved 1165312K
  class space    used 15035K, capacity 18234K, committed 18304K, reserved 1048576K
Event: 14444.068 GC heap after
Heap after GC invocations=69 (full 4):
 PSYoungGen      total 370688K, used 15280K [0x00000000e0000000, 0x00000000fc680000, 0x0000000100000000)
  eden space 327680K, 0% used [0x00000000e0000000,0x00000000e0000000,0x00000000f4000000)
  from space 43008K, 35% used [0x00000000f4000000,0x00000000f4eec3c0,0x00000000f6a00000)
  to   space 41984K, 0% used [0x00000000f9d80000,0x00000000f9d80000,0x00000000fc680000)
 ParOldGen       total 250368K, used 166979K [0x00000000a0000000, 0x00000000af480000, 0x00000000e0000000)
  object space 250368K, 66% used [0x00000000a0000000,0x00000000aa310d00,0x00000000af480000)
 Metaspace       used 119777K, capacity 133662K, committed 133760K, reserved 1165312K
  class space    used 15035K, capacity 18234K, committed 18304K, reserved 1048576K
}
Event: 14449.900 GC heap before
{Heap before GC invocations=70 (full 4):
 PSYoungGen      total 370688K, used 342960K [0x00000000e0000000, 0x00000000fc680000, 0x0000000100000000)
  eden space 327680K, 100% used [0x00000000e0000000,0x00000000f4000000,0x00000000f4000000)
  from space 43008K, 35% used [0x00000000f4000000,0x00000000f4eec3c0,0x00000000f6a00000)
  to   space 41984K, 0% used [0x00000000f9d80000,0x00000000f9d80000,0x00000000fc680000)
 ParOldGen       total 250368K, used 166979K [0x00000000a0000000, 0x00000000af480000, 0x00000000e0000000)
  object space 250368K, 66% used [0x00000000a0000000,0x00000000aa310d00,0x00000000af480000)
 Metaspace       used 119829K, capacity 133668K, committed 133760K, reserved 1165312K
  class space    used 15035K, capacity 18235K, committed 18304K, reserved 1048576K
Event: 14449.930 GC heap after
Heap after GC invocations=70 (full 4):
 PSYoungGen      total 420352K, used 29770K [0x00000000e0000000, 0x00000000fc600000, 0x0000000100000000)
  eden space 378880K, 0% used [0x00000000e0000000,0x00000000e0000000,0x00000000f7200000)
  from space 41472K, 71% used [0x00000000f9d80000,0x00000000fba92968,0x00000000fc600000)
  to   space 43008K, 0% used [0x00000000f7200000,0x00000000f7200000,0x00000000f9c00000)
 ParOldGen       total 250368K, used 167669K [0x00000000a0000000, 0x00000000af480000, 0x00000000e0000000)
  object space 250368K, 66% used [0x00000000a0000000,0x00000000aa3bd7f8,0x00000000af480000)
 Metaspace       used 119829K, capacity 133668K, committed 133760K, reserved 1165312K
  class space    used 15035K, capacity 18235K, committed 18304K, reserved 1048576K
}
Event: 14451.089 GC heap before
{Heap before GC invocations=71 (full 4):
 PSYoungGen      total 420352K, used 408650K [0x00000000e0000000, 0x00000000fc600000, 0x0000000100000000)
  eden space 378880K, 100% used [0x00000000e0000000,0x00000000f7200000,0x00000000f7200000)
  from space 41472K, 71% used [0x00000000f9d80000,0x00000000fba92968,0x00000000fc600000)
  to   space 43008K, 0% used [0x00000000f7200000,0x00000000f7200000,0x00000000f9c00000)
 ParOldGen       total 250368K, used 167669K [0x00000000a0000000, 0x00000000af480000, 0x00000000e0000000)
  object space 250368K, 66% used [0x00000000a0000000,0x00000000aa3bd7f8,0x00000000af480000)
 Metaspace       used 119830K, capacity 133668K, committed 133760K, reserved 1165312K
  class space    used 15035K, capacity 18235K, committed 18304K, reserved 1048576K
Event: 14451.118 GC heap after
Heap after GC invocations=71 (full 4):
 PSYoungGen      total 421888K, used 14468K [0x00000000e0000000, 0x00000000ffc80000, 0x0000000100000000)
  eden space 378880K, 0% used [0x00000000e0000000,0x00000000e0000000,0x00000000f7200000)
  from space 43008K, 33% used [0x00000000f7200000,0x00000000f80213a8,0x00000000f9c00000)
  to   space 42496K, 0% used [0x00000000fd300000,0x00000000fd300000,0x00000000ffc80000)
 ParOldGen       total 250368K, used 172343K [0x00000000a0000000, 0x00000000af480000, 0x00000000e0000000)
  object space 250368K, 68% used [0x00000000a0000000,0x00000000aa84df00,0x00000000af480000)
 Metaspace       used 119830K, capacity 133668K, committed 133760K, reserved 1165312K
  class space    used 15035K, capacity 18235K, committed 18304K, reserved 1048576K
}
Event: 14454.677 GC heap before
{Heap before GC invocations=72 (full 4):
 PSYoungGen      total 421888K, used 392927K [0x00000000e0000000, 0x00000000ffc80000, 0x0000000100000000)
  eden space 378880K, 99% used [0x00000000e0000000,0x00000000f71969d0,0x00000000f7200000)
  from space 43008K, 33% used [0x00000000f7200000,0x00000000f80213a8,0x00000000f9c00000)
  to   space 42496K, 0% used [0x00000000fd300000,0x00000000fd300000,0x00000000ffc80000)
 ParOldGen       total 250368K, used 172343K [0x00000000a0000000, 0x00000000af480000, 0x00000000e0000000)
  object space 250368K, 68% used [0x00000000a0000000,0x00000000aa84df00,0x00000000af480000)
 Metaspace       used 119874K, capacity 133674K, committed 133760K, reserved 1165312K
  class space    used 15036K, capacity 18236K, committed 18304K, reserved 1048576K
Event: 14454.698 GC heap after
Heap after GC invocations=72 (full 4):
 PSYoungGen      total 466944K, used 16206K [0x00000000e0000000, 0x00000000ff580000, 0x0000000100000000)
  eden space 431616K, 0% used [0x00000000e0000000,0x00000000e0000000,0x00000000fa580000)
  from space 35328K, 45% used [0x00000000fd300000,0x00000000fe2d38d8,0x00000000ff580000)
  to   space 40960K, 0% used [0x00000000fa580000,0x00000000fa580000,0x00000000fcd80000)
 ParOldGen       total 250368K, used 172850K [0x00000000a0000000, 0x00000000af480000, 0x00000000e0000000)
  object space 250368K, 69% used [0x00000000a0000000,0x00000000aa8cc9c8,0x00000000af480000)
 Metaspace       used 119874K, capacity 133674K, committed 133760K, reserved 1165312K
  class space    used 15036K, capacity 18236K, committed 18304K, reserved 1048576K
}

